<?xml version="1.0" encoding="UTF-8"?>
<!-- Generated by org.testng.reporters.JUnitReportReporter -->
<testsuite hostname="MSDT011" failures="0" tests="2" name="testpages.BritishWeb_HomepageTest" time="14.726" errors="0" timestamp="12 Sep 2022 13:23:04 GMT" skipped="0">
  <testcase classname="testpages.BritishWeb_HomepageTest" name="clickCreateAccount" time="1.163"/>
  <testcase classname="testpages.BritishWeb_HomepageTest" name="checkBritishRedCrossMenuList" time="13.563"/>
</testsuite> <!-- testpages.BritishWeb_HomepageTest -->
