<?xml version="1.0" encoding="UTF-8"?>
<!-- Generated by org.testng.reporters.JUnitReportReporter -->
<testsuite hostname="MSDT011" failures="0" tests="2" name="testpages.BritishWeb_HomepageTest" time="32.075" errors="0" timestamp="14 Sep 2022 07:41:29 GMT" skipped="0">
  <testcase classname="testpages.BritishWeb_HomepageTest" name="clickCreateAccount" time="1.208"/>
  <testcase classname="testpages.BritishWeb_HomepageTest" name="checkBritishRedCrossMenuList" time="30.867"/>
</testsuite> <!-- testpages.BritishWeb_HomepageTest -->
