<?xml version="1.0" encoding="UTF-8"?>
<!-- Generated by org.testng.reporters.JUnitReportReporter -->
<testsuite hostname="MSDT011" failures="0" tests="2" name="testpages.BritishWeb_AddToCartTest" time="7.273" errors="0" timestamp="14 Sep 2022 15:02:16 GMT" skipped="0">
  <testcase classname="testpages.BritishWeb_AddToCartTest" name="clickCreateAccount" time="1.147"/>
  <testcase classname="testpages.BritishWeb_AddToCartTest" name="verifyAddToCart" time="6.126"/>
</testsuite> <!-- testpages.BritishWeb_AddToCartTest -->
