<?xml version="1.0" encoding="UTF-8"?>
<!-- Generated by org.testng.reporters.JUnitReportReporter -->
<testsuite hostname="MSDT011" failures="0" tests="2" name="testpages.BritishWeb_HomepageTest" time="30.044" errors="0" timestamp="14 Sep 2022 16:05:07 GMT" skipped="0">
  <testcase classname="testpages.BritishWeb_HomepageTest" name="clickCreateAccount" time="1.708"/>
  <testcase classname="testpages.BritishWeb_HomepageTest" name="checkBritishRedCrossMenuList" time="28.336"/>
</testsuite> <!-- testpages.BritishWeb_HomepageTest -->
